\BOOKMARK [1][-]{section.1}{\376\377\0001\000.\000\040\000N\000o\000v\000e\000m\000b\000e\000r\000\040\0001\0009\000,\000\040\0002\0000\0002\0004}{}% 1
\BOOKMARK [2][-]{subsection.1.1}{\376\377\0001\000.\0001\000.\000\040\000M\000e\000e\000t\000i\000n\000g\000\040\000n\000o\000t\000e\000s}{section.1}% 2
\BOOKMARK [2][-]{subsection.1.2}{\376\377\0001\000.\0002\000.\000\040\000P\000o\000s\000t\000-\000m\000e\000e\000t\000i\000n\000g\000\040\000n\000o\000t\000e\000s}{section.1}% 3
\BOOKMARK [1][-]{section.2}{\376\377\0002\000.\000\040\000D\000e\000c\000e\000m\000b\000e\000r\000\040\0003\000,\000\040\0002\0000\0002\0004}{}% 4
\BOOKMARK [2][-]{subsection.2.1}{\376\377\0002\000.\0001\000.\000\040\000M\000e\000e\000t\000i\000n\000g\000\040\000n\000o\000t\000e\000s}{section.2}% 5
\BOOKMARK [2][-]{subsection.2.2}{\376\377\0002\000.\0002\000.\000\040\000P\000o\000s\000t\000-\000m\000e\000e\000t\000i\000n\000g\000\040\000n\000o\000t\000e\000s}{section.2}% 6
\BOOKMARK [1][-]{section.3}{\376\377\0003\000.\000\040\000D\000e\000c\000e\000m\000b\000e\000r\000\040\0001\0004\000,\000\040\0002\0000\0002\0004}{}% 7
\BOOKMARK [2][-]{subsection.3.1}{\376\377\0003\000.\0001\000.\000\040\000M\000e\000e\000t\000i\000n\000g\000\040\000N\000o\000t\000e\000s}{section.3}% 8
\BOOKMARK [2][-]{subsection.3.2}{\376\377\0003\000.\0002\000.\000\040\000P\000o\000s\000t\000-\000m\000e\000e\000t\000i\000n\000g\000\040\000N\000o\000t\000e\000s}{section.3}% 9
\BOOKMARK [1][-]{section.4}{\376\377\0004\000.\000\040\000J\000a\000n\000u\000a\000r\000y\000\040\0009\000,\000\040\0002\0000\0002\0005}{}% 10
\BOOKMARK [1][-]{section.5}{\376\377\0005\000.\000\040\000M\000e\000e\000t\000i\000n\000g\000\040\000N\000o\000t\000e\000s}{}% 11
\BOOKMARK [1][-]{section.6}{\376\377\0006\000.\000\040\000J\000a\000n\000u\000a\000r\000y\000\040\0001\0004\000,\000\040\0002\0000\0002\0005}{}% 12
\BOOKMARK [2][-]{subsection.6.1}{\376\377\0006\000.\0001\000.\000\040\000M\000e\000e\000t\000i\000n\000g\000\040\000N\000o\000t\000e\000s}{section.6}% 13
\BOOKMARK [2][-]{section*.6}{\376\377\000T\000h\000e\000\040\000G\000e\000n\000e\000r\000a\000l\000\040\000C\000a\000s\000e\000\040\000f\000o\000r\000\040\000D\000i\000s\000t\000a\000n\000c\000e}{section.6}% 14
\BOOKMARK [2][-]{subsection.6.2}{\376\377\0006\000.\0002\000.\000\040\000P\000o\000s\000t\000-\000M\000e\000e\000t\000i\000n\000g\000\040\000N\000o\000t\000e\000s}{section.6}% 15
\BOOKMARK [1][-]{section.7}{\376\377\0007\000.\000\040\000J\000a\000n\000u\000a\000r\000y\000\040\0001\0007\000,\000\040\0002\0000\0002\0005}{}% 16
\BOOKMARK [2][-]{subsection.7.1}{\376\377\0007\000.\0001\000.\000\040\000M\000e\000e\000t\000i\000n\000g\000\040\000N\000o\000t\000e\000s}{section.7}% 17
\BOOKMARK [2][-]{subsection.7.2}{\376\377\0007\000.\0002\000.\000\040\000P\000o\000s\000t\000-\000M\000e\000e\000t\000i\000n\000g\000\040\000N\000o\000t\000e\000s}{section.7}% 18
\BOOKMARK [1][-]{section.8}{\376\377\0008\000.\000\040\000J\000a\000n\000u\000a\000r\000y\000\040\0002\0004\000,\000\040\0002\0000\0002\0005}{}% 19
\BOOKMARK [2][-]{subsection.8.1}{\376\377\0008\000.\0001\000.\000\040\000M\000e\000e\000t\000i\000n\000g\000\040\000N\000o\000t\000e\000s}{section.8}% 20
\BOOKMARK [2][-]{subsection.8.2}{\376\377\0008\000.\0002\000.\000\040\000P\000o\000s\000t\000-\000M\000e\000e\000t\000i\000n\000g\000\040\000N\000o\000t\000e\000s}{section.8}% 21
\BOOKMARK [1][-]{section.9}{\376\377\0009\000.\000\040\000P\000r\000o\000g\000r\000a\000m\000\040\000E\000x\000p\000l\000a\000n\000a\000t\000i\000o\000n}{}% 22
\BOOKMARK [1][-]{section.10}{\376\377\0001\0000\000.\000\040\000I\000n\000t\000r\000o\000d\000u\000c\000t\000i\000o\000n}{}% 23
\BOOKMARK [1][-]{section.11}{\376\377\0001\0001\000.\000\040\000\050\000T\000o\000p\000o\000l\000o\000g\000y\000\051\000\040\000S\000u\000r\000f\000a\000c\000e\000s\000\040\000w\000i\000t\000h\000\040\000p\000u\000n\000c\000t\000u\000r\000e\000s}{}% 24
\BOOKMARK [1][-]{section.12}{\376\377\0001\0002\000.\000\040\000\050\000G\000e\000o\000m\000e\000t\000r\000y\000\051\000\040\000\050\000G\000,\000X\000\051\000\040\000s\000t\000r\000u\000c\000t\000u\000r\000e\000s\000\040\000a\000n\000d\000\040\000c\000o\000n\000v\000e\000x\000\040\000r\000e\000a\000l\000\040\000p\000r\000o\000j\000e\000c\000t\000i\000v\000e\000\040\000s\000t\000r\000u\000c\000t\000u\000r\000e\000s}{}% 25
\BOOKMARK [1][-]{section.13}{\376\377\0001\0003\000.\000\040\000H\000i\000l\000b\000e\000r\000t\000\040\000l\000e\000n\000g\000t\000h\000\040\000a\000n\000d\000\040\000t\000o\000p\000o\000l\000o\000g\000i\000c\000a\000l\000\040\000e\000n\000t\000r\000o\000p\000y}{}% 26
\BOOKMARK [1][-]{section.14}{\376\377\0001\0004\000.\000\040\000T\000h\000e\000\040\000c\000a\000s\000e\000\040\000o\000f\000\040\000i\000d\000e\000a\000l\000\040\000p\000a\000n\000t\000s\000\040\000g\000r\000o\000u\000p\000s}{}% 27
\BOOKMARK [1][-]{section.15}{\376\377\0001\0005\000.\000\040\000M\000a\000n\000h\000a\000t\000t\000a\000n\000\040\000c\000u\000r\000v\000e}{}% 28
\BOOKMARK [1][-]{section.16}{\376\377\0001\0006\000.\000\040\000R\000e\000s\000u\000l\000t\000s}{}% 29
\BOOKMARK [2][-]{subsection.16.1}{\376\377\0001\0006\000.\0001\000.\000\040\000M\000a\000i\000n\000\040\000i\000d\000e\000a\000\040\000o\000f\000\040\000t\000h\000e\000\040\000c\000o\000d\000e}{section.16}% 30
\BOOKMARK [1][-]{section.17}{\376\377\0001\0007\000.\000\040\000S\000u\000p\000p\000o\000r\000t\000i\000n\000g\000\040\000m\000a\000t\000e\000r\000i\000a\000l\000s\000:\000\040\000c\000o\000d\000e}{}% 31
\BOOKMARK [1][-]{section*.7}{\376\377\000R\000e\000f\000e\000r\000e\000n\000c\000e\000s}{}% 32
